......................................................#......
......................................................#......
......................................................#......
......................................................#......
......................................................#......
......................................................#......
......................................................#......
......................................................#......
......................................................#......
......................................................#......
......................................................#......
......................................................#......
......................................................#......
......................................................#......
......................................................#......
......................................................#......
......................................................#......
......................................................#......
......................................................#......
......................................................#......
......................................................#......
......................................................#......
......................................................#......
......................................................#......
......................................................#......
......................................................#......
......................................................#......
......................................................#......
......................................................#......
......................................................#......
............#.........................................#......
............#.........................................#......
............#.........................................#......
.........#######......................................#......
............#..#......................................#......
............#..#......................................#......
............#..#......................................#......
............#.........................................#......
............#.........................................#......
............#.........................................#......
............#.........................................#......
............#.........................................#......
............#.........................................#......
............#.........................................#......
............#.........................................#......
#############################################################
.........#..#.........................................#......
.........#..#.........................................#......
.........#..#.........................................#......
.........#..#.........................................#......
.........#..#.........................................#......
.........#..#.........................................#......
.........#..#.........................................#......
.........#..#.........................................#......
......################................................#......
.........#............................................#......
.........#............................................#......
.........#............................................#......
.........#............................................#......
.........#............................................#......
.........#............................................#......
.........#............................................#......
.........#............................................#......
.........#............................................#......
.........#............................................#......
.........#............................................#......
.........#............................................#......
.........#............................................#......
.........#............................................#......
.........#............................................#......
.........#............................................#......
.........#............................................#......
.........#............................................#......
......................................................#......
......................................................#......
......................................................#......
......................................................#......
......................................................#......
......................................................#......
94
110
112
125
128

FUCK
